<?xml version="1.0" encoding="UTF-8"?>
<testng-results skipped="0" failed="0" total="1" passed="1">
  <reporter-output>
  </reporter-output>
  <suite name="Default suite" duration-ms="20" started-at="2014-11-07T05:59:33Z" finished-at="2014-11-07T05:59:34Z">
    <groups>
    </groups>
    <test name="Default test" duration-ms="20" started-at="2014-11-07T05:59:33Z" finished-at="2014-11-07T05:59:34Z">
      <class name="JenkinsTest11">
        <test-method status="PASS" signature="testJenkins()[pri:0, instance:JenkinsTest11@51bf2e9a]" name="testJenkins" duration-ms="10" started-at="2014-11-07T11:29:33Z" finished-at="2014-11-07T11:29:34Z">
          <reporter-output>
          </reporter-output>
        </test-method> <!-- testJenkins -->
      </class> <!-- JenkinsTest11 -->
    </test> <!-- Default test -->
  </suite> <!-- Default suite -->
</testng-results>
